2024-05-25 16:47:59,378 - __main__ - DEBUG - Entering generate_single_certificate function...
2024-05-25 16:47:59,378 - scikitUtil - INFO - Generating certificate...
2024-05-25 16:47:59,379 - scikitUtil - ERROR - Error occurred while generating certificate: No such file: 'C:\Users\DELL\Desktop\cert\Template.png'
2024-05-25 16:47:59,379 - __main__ - INFO - Single certificate generated successfully.
2024-05-25 16:47:59,379 - __main__ - DEBUG - Exiting generate_single_certificate function...
2024-05-25 16:50:41,550 - __main__ - DEBUG - Entering generate_single_certificate function...
2024-05-25 16:50:41,550 - scikitUtil - INFO - Generating certificate...
2024-05-25 16:50:41,550 - scikitUtil - ERROR - Error occurred while generating certificate: No such file: 'C:\Users\DELL\Desktop\cert\Template.png'
2024-05-25 16:50:41,550 - __main__ - INFO - Single certificate generated successfully.
2024-05-25 16:50:41,550 - __main__ - DEBUG - Exiting generate_single_certificate function...
2024-05-25 16:54:54,444 - __main__ - DEBUG - Entering generate_single_certificate function...
2024-05-25 16:54:54,444 - scikitUtil - INFO - Generating certificate...
2024-05-25 16:54:56,445 - scikitUtil - INFO - Certificate generated successfully.
2024-05-25 16:54:56,459 - __main__ - INFO - Single certificate generated successfully.
2024-05-25 16:54:56,459 - __main__ - DEBUG - Exiting generate_single_certificate function...
2024-05-25 16:55:04,635 - __main__ - DEBUG - Entering generate_bulk_certificates function...
2024-05-25 16:55:04,636 - scikitUtil - INFO - Generating certificate...
2024-05-25 16:55:05,534 - scikitUtil - INFO - Certificate generated successfully.
2024-05-25 16:55:05,555 - scikitUtil - INFO - Generating certificate...
2024-05-25 16:55:06,383 - scikitUtil - INFO - Certificate generated successfully.
2024-05-25 16:55:06,401 - scikitUtil - INFO - Generating certificate...
2024-05-25 16:55:07,207 - scikitUtil - INFO - Certificate generated successfully.
2024-05-25 16:55:07,223 - scikitUtil - INFO - Generating certificate...
2024-05-25 16:55:08,051 - scikitUtil - INFO - Certificate generated successfully.
2024-05-25 16:55:08,066 - scikitUtil - INFO - Generating certificate...
2024-05-25 16:55:08,873 - scikitUtil - INFO - Certificate generated successfully.
2024-05-25 16:55:08,889 - __main__ - INFO - 5 bulk certificates generated successfully.
2024-05-25 16:55:08,889 - emailUtils - INFO - Sending email with attachment to ervarishitha@gmail.com...
2024-05-25 16:55:22,677 - emailUtils - INFO - Email sent successfully.
2024-05-25 16:55:22,683 - __main__ - DEBUG - Exiting generate_bulk_certificates function...
